[INFO] Scanning for projects...
[INFO] 
[INFO] ---------< org.apache.sling:org.apache.sling.resourceresolver >---------
[INFO] Building Apache Sling Resource Resolver 1.11.1-SNAPSHOT
[INFO]   from pom.xml
[INFO] --------------------------------[ jar ]---------------------------------
[INFO] 
[INFO] --- clean:3.2.0:clean (default-clean) @ org.apache.sling.resourceresolver ---
[INFO] Deleting /Users/joerg/repos/sling/org-apache-sling-resourceresolver/target
[INFO] 
[INFO] --- enforcer:3.3.0:enforce (enforce-maven-version) @ org.apache.sling.resourceresolver ---
[INFO] Rule 0: org.apache.maven.enforcer.rules.version.RequireMavenVersion passed
[INFO] 
[INFO] --- enforcer:3.3.0:enforce (enforce-java-version) @ org.apache.sling.resourceresolver ---
[INFO] Rule 0: org.apache.maven.enforcer.rules.version.RequireJavaVersion passed
[INFO] 
[INFO] --- enforcer:3.3.0:enforce (enforce-sling-java-version) @ org.apache.sling.resourceresolver ---
[INFO] Rule 0: org.apache.maven.enforcer.rules.property.RequireProperty passed
[INFO] 
[INFO] --- enforcer:3.3.0:enforce (enforce-explicit-scope) @ org.apache.sling.resourceresolver ---
[INFO] Rule 0: org.apache.maven.enforcer.rules.RequireExplicitDependencyScope passed
[INFO] 
[INFO] --- enforcer:3.3.0:enforce (enforce-scope-of-annotation-deps) @ org.apache.sling.resourceresolver ---
[INFO] Rule 0: org.apache.maven.enforcer.rules.dependency.BannedDependencies passed
[INFO] 
[INFO] --- enforcer:3.3.0:enforce (ban-plugins-and-dependencies) @ org.apache.sling.resourceresolver ---
[INFO] Rule 0: org.apache.maven.enforcer.rules.BannedPlugins passed
[INFO] Rule 1: org.apache.maven.enforcer.rules.dependency.BannedDependencies passed
[INFO] Rule 2: org.apache.maven.enforcer.rules.BannedPlugins passed
[INFO] Rule 3: org.apache.maven.enforcer.rules.BannedPlugins passed
[INFO] Rule 4: org.apache.maven.enforcer.rules.dependency.BannedDependencies passed
[INFO] Rule 5: org.apache.maven.enforcer.rules.dependency.BannedDependencies passed
[INFO] 
[INFO] --- remote-resources:3.1.0:process (process-resource-bundles) @ org.apache.sling.resourceresolver ---
[INFO] Preparing remote bundle org.apache.apache.resources:apache-jar-resource-bundle:1.5
[INFO] Copying 3 resources from 1 bundle.
[INFO] 
[INFO] --- remote-resources:3.1.0:process (remote-resources-custom-notice) @ org.apache.sling.resourceresolver ---
[INFO] Preparing remote bundle org.apache.sling:apache-sling-jar-resource-bundle:1.0.2
[INFO] Preparing remote bundle org.apache:apache-jar-resource-bundle:1.4
[INFO] Copying 3 resources from 1 bundle.
[INFO] 
[INFO] --- resources:3.3.1:resources (default-resources) @ org.apache.sling.resourceresolver ---
[INFO] skip non existing resourceDirectory /Users/joerg/repos/sling/org-apache-sling-resourceresolver/src/main/resources
[INFO] Copying 3 resources from target/maven-shared-archive-resources to target/classes
[INFO] Copying 3 resources from target/maven-shared-archive-resources to target/classes
[INFO] 
[INFO] --- compiler:3.11.0:compile (default-compile) @ org.apache.sling.resourceresolver ---
[INFO] Changes detected - recompiling the module! :source
[INFO] Compiling 63 source files with javac [debug release 11] to target/classes
[INFO] /Users/joerg/repos/sling/org-apache-sling-resourceresolver/src/main/java/org/apache/sling/resourceresolver/impl/observation/ResourceChangeListenerInfo.java: Some input files use or override a deprecated API.
[INFO] /Users/joerg/repos/sling/org-apache-sling-resourceresolver/src/main/java/org/apache/sling/resourceresolver/impl/observation/ResourceChangeListenerInfo.java: Recompile with -Xlint:deprecation for details.
[INFO] /Users/joerg/repos/sling/org-apache-sling-resourceresolver/src/main/java/org/apache/sling/resourceresolver/impl/console/ResourceResolverWebConsolePlugin.java: /Users/joerg/repos/sling/org-apache-sling-resourceresolver/src/main/java/org/apache/sling/resourceresolver/impl/console/ResourceResolverWebConsolePlugin.java uses unchecked or unsafe operations.
[INFO] /Users/joerg/repos/sling/org-apache-sling-resourceresolver/src/main/java/org/apache/sling/resourceresolver/impl/console/ResourceResolverWebConsolePlugin.java: Recompile with -Xlint:unchecked for details.
[INFO] 
[INFO] --- sling:3.0.2:generate-adapter-metadata (generate-adapter-metadata) @ org.apache.sling.resourceresolver ---
[INFO] found adaptable annotation on ResourceResolverImpl
[INFO] found adaptable annotation on RedirectResource
[INFO] found adaptable annotation on StarResource
[INFO] 
[INFO] --- bnd:6.4.0:bnd-process (bnd-process) @ org.apache.sling.resourceresolver ---
[INFO] 
[INFO] --- resources:3.3.1:testResources (default-testResources) @ org.apache.sling.resourceresolver ---
[INFO] Copying 1 resource from src/test/resources to target/test-classes
[INFO] Copying 3 resources from target/maven-shared-archive-resources to target/test-classes
[INFO] Copying 3 resources from target/maven-shared-archive-resources to target/test-classes
[INFO] 
[INFO] --- compiler:3.11.0:testCompile (default-testCompile) @ org.apache.sling.resourceresolver ---
[INFO] Changes detected - recompiling the module! :dependency
[INFO] Compiling 48 source files with javac [debug release 11] to target/test-classes
[INFO] /Users/joerg/repos/sling/org-apache-sling-resourceresolver/src/test/java/org/apache/sling/resourceresolver/util/MockTestUtil.java: Some input files use or override a deprecated API.
[INFO] /Users/joerg/repos/sling/org-apache-sling-resourceresolver/src/test/java/org/apache/sling/resourceresolver/util/MockTestUtil.java: Recompile with -Xlint:deprecation for details.
[INFO] /Users/joerg/repos/sling/org-apache-sling-resourceresolver/src/test/java/org/apache/sling/resourceresolver/util/MockTestUtil.java: Some input files use unchecked or unsafe operations.
[INFO] /Users/joerg/repos/sling/org-apache-sling-resourceresolver/src/test/java/org/apache/sling/resourceresolver/util/MockTestUtil.java: Recompile with -Xlint:unchecked for details.
[INFO] 
[INFO] --- surefire:3.0.0-M5:test (default-test) @ org.apache.sling.resourceresolver ---
[INFO] 
[INFO] -------------------------------------------------------
[INFO]  T E S T S
[INFO] -------------------------------------------------------
[INFO] Running org.apache.sling.resourceresolver.impl.FactoryRegistrationHandlerTest
[ERROR] Tests run: 120, Failures: 9, Errors: 0, Skipped: 0, Time elapsed: 9.891 s <<< FAILURE! - in org.apache.sling.resourceresolver.impl.FactoryRegistrationHandlerTest
[ERROR] org.apache.sling.resourceresolver.impl.FactoryRegistrationHandlerTest.testUnregisterOnClose  Time elapsed: 6.549 s  <<< FAILURE!
java.lang.AssertionError: 
Expected ServiceEvents
Expected: (a collection with size <4> and an iterable containing <ServiceEvent(REGISTERED, [org.apache.sling.api.resource.ResourceResolverFactory])>)
     but: a collection with size <4> collection size was <1>
	at org.apache.sling.resourceresolver.impl.FactoryRegistrationHandlerTest.testUnregisterOnClose(FactoryRegistrationHandlerTest.java:213)

[ERROR] org.apache.sling.resourceresolver.impl.FactoryRegistrationHandlerTest.testUnregisterOnClose  Time elapsed: 6.55 s  <<< FAILURE!
java.lang.AssertionError: 
Expected ServiceEvents
Expected: (a collection with size <4> and an iterable containing <ServiceEvent(REGISTERED, [org.apache.sling.api.resource.ResourceResolverFactory])>)
     but: a collection with size <4> collection size was <1>
	at org.apache.sling.resourceresolver.impl.FactoryRegistrationHandlerTest.testUnregisterOnClose(FactoryRegistrationHandlerTest.java:213)

[ERROR] org.apache.sling.resourceresolver.impl.FactoryRegistrationHandlerTest.testReconfigurationLeadingToUnregsitration  Time elapsed: 7.341 s  <<< FAILURE!
java.lang.AssertionError: 
Expected ServiceEvents
Expected: (a collection with size <4> and an iterable containing <ServiceEvent(REGISTERED, [org.apache.sling.api.resource.ResourceResolverFactory])>)
     but: a collection with size <4> collection size was <1>
	at org.apache.sling.resourceresolver.impl.FactoryRegistrationHandlerTest.testReconfigurationLeadingToUnregsitration(FactoryRegistrationHandlerTest.java:153)

[ERROR] org.apache.sling.resourceresolver.impl.FactoryRegistrationHandlerTest.testFactoryRegistrationDeregistration  Time elapsed: 7.339 s  <<< FAILURE!
java.lang.AssertionError: 
Expected ServiceEvents
Expected: (a collection with size <4> and an iterable containing <ServiceEvent(REGISTERED, [org.apache.sling.api.resource.ResourceResolverFactory])>)
     but: a collection with size <4> collection size was <1>
	at org.apache.sling.resourceresolver.impl.FactoryRegistrationHandlerTest.testFactoryRegistrationDeregistration(FactoryRegistrationHandlerTest.java:108)

[ERROR] org.apache.sling.resourceresolver.impl.FactoryRegistrationHandlerTest.testReconfigurationWithNoChanges  Time elapsed: 7.34 s  <<< FAILURE!
java.lang.AssertionError: 
Expected ServiceEvents
Expected: (a collection with size <4> and an iterable containing <ServiceEvent(REGISTERED, [org.apache.sling.api.resource.ResourceResolverFactory])>)
     but: a collection with size <4> collection size was <1>
	at org.apache.sling.resourceresolver.impl.FactoryRegistrationHandlerTest.testReconfigurationWithNoChanges(FactoryRegistrationHandlerTest.java:173)

[ERROR] org.apache.sling.resourceresolver.impl.FactoryRegistrationHandlerTest.testReconfigurationLeadingToReregistration  Time elapsed: 7.34 s  <<< FAILURE!
java.lang.AssertionError: 
Expected ServiceEvents
Expected: (a collection with size <4> and an iterable containing <ServiceEvent(REGISTERED, [org.apache.sling.api.resource.ResourceResolverFactory])>)
     but: a collection with size <4> collection size was <1>
	at org.apache.sling.resourceresolver.impl.FactoryRegistrationHandlerTest.testReconfigurationLeadingToReregistration(FactoryRegistrationHandlerTest.java:192)

[ERROR] org.apache.sling.resourceresolver.impl.FactoryRegistrationHandlerTest.testReconfigurationLeadingToUnregsitration  Time elapsed: 7.346 s  <<< FAILURE!
java.lang.AssertionError: 
Expected ServiceEvents
Expected: (a collection with size <4> and an iterable containing <ServiceEvent(REGISTERED, [org.apache.sling.api.resource.ResourceResolverFactory])>)
     but: a collection with size <4> collection size was <1>
	at org.apache.sling.resourceresolver.impl.FactoryRegistrationHandlerTest.testReconfigurationLeadingToUnregsitration(FactoryRegistrationHandlerTest.java:153)

[ERROR] org.apache.sling.resourceresolver.impl.FactoryRegistrationHandlerTest.testConditionChangeLeadingToUnregistration  Time elapsed: 7.347 s  <<< FAILURE!
java.lang.AssertionError: 
Expected ServiceEvents
Expected: (a collection with size <4> and an iterable containing <ServiceEvent(REGISTERED, [org.apache.sling.api.resource.ResourceResolverFactory])>)
     but: a collection with size <4> collection size was <1>
	at org.apache.sling.resourceresolver.impl.FactoryRegistrationHandlerTest.testConditionChangeLeadingToUnregistration(FactoryRegistrationHandlerTest.java:132)

[ERROR] org.apache.sling.resourceresolver.impl.FactoryRegistrationHandlerTest.testFactoryRegistrationDeregistration  Time elapsed: 7.342 s  <<< FAILURE!
java.lang.AssertionError: 
Expected ServiceEvents
Expected: (a collection with size <4> and an iterable containing <ServiceEvent(REGISTERED, [org.apache.sling.api.resource.ResourceResolverFactory])>)
     but: a collection with size <4> collection size was <1>
	at org.apache.sling.resourceresolver.impl.FactoryRegistrationHandlerTest.testFactoryRegistrationDeregistration(FactoryRegistrationHandlerTest.java:108)

[INFO] Running org.apache.sling.resourceresolver.impl.mapping.MapEntryTest
[INFO] Tests run: 12, Failures: 0, Errors: 0, Skipped: 0, Time elapsed: 0.032 s - in org.apache.sling.resourceresolver.impl.mapping.MapEntryTest
[INFO] Running org.apache.sling.resourceresolver.impl.mapping.StringInterpolationMapEntriesTest
[INFO] Tests run: 2, Failures: 0, Errors: 0, Skipped: 0, Time elapsed: 4.479 s - in org.apache.sling.resourceresolver.impl.mapping.StringInterpolationMapEntriesTest
[INFO] Running org.apache.sling.resourceresolver.impl.mapping.MapEntriesTest
[INFO] Tests run: 78, Failures: 0, Errors: 0, Skipped: 0, Time elapsed: 3.682 s - in org.apache.sling.resourceresolver.impl.mapping.MapEntriesTest
[INFO] Running org.apache.sling.resourceresolver.impl.mapping.BloomFilterUtilsTest
21
[INFO] Tests run: 3, Failures: 0, Errors: 0, Skipped: 0, Time elapsed: 0.015 s - in org.apache.sling.resourceresolver.impl.mapping.BloomFilterUtilsTest
[INFO] Running org.apache.sling.resourceresolver.impl.mapping.InterpolatorTest
[INFO] Tests run: 3, Failures: 0, Errors: 0, Skipped: 0, Time elapsed: 0.01 s - in org.apache.sling.resourceresolver.impl.mapping.InterpolatorTest
[INFO] Running org.apache.sling.resourceresolver.impl.mapping.StringInterpolationProviderImplTest
[INFO] Tests run: 23, Failures: 0, Errors: 0, Skipped: 0, Time elapsed: 0.031 s - in org.apache.sling.resourceresolver.impl.mapping.StringInterpolationProviderImplTest
[INFO] Running org.apache.sling.resourceresolver.impl.mapping.ResourceMapperImplTest
[INFO] Tests run: 80, Failures: 0, Errors: 0, Skipped: 0, Time elapsed: 2.368 s - in org.apache.sling.resourceresolver.impl.mapping.ResourceMapperImplTest
[INFO] Running org.apache.sling.resourceresolver.impl.mapping.PathGeneratorTest
[INFO] Tests run: 7, Failures: 0, Errors: 0, Skipped: 0, Time elapsed: 0.009 s - in org.apache.sling.resourceresolver.impl.mapping.PathGeneratorTest
[INFO] Running org.apache.sling.resourceresolver.impl.mapping.EtcMappingMapEntriesTest
[INFO] Tests run: 6, Failures: 0, Errors: 0, Skipped: 0, Time elapsed: 2.058 s - in org.apache.sling.resourceresolver.impl.mapping.EtcMappingMapEntriesTest
[INFO] Running org.apache.sling.resourceresolver.impl.ResourceDecorationTest
[INFO] Tests run: 9, Failures: 0, Errors: 0, Skipped: 0, Time elapsed: 0.192 s - in org.apache.sling.resourceresolver.impl.ResourceDecorationTest
[INFO] Running org.apache.sling.resourceresolver.impl.MockedResourceResolverImplTest
[INFO] Tests run: 12, Failures: 0, Errors: 0, Skipped: 0, Time elapsed: 3.516 s - in org.apache.sling.resourceresolver.impl.MockedResourceResolverImplTest
[INFO] Running org.apache.sling.resourceresolver.impl.providers.ResourceProviderStorageTest
[INFO] Tests run: 1, Failures: 0, Errors: 0, Skipped: 0, Time elapsed: 0.005 s - in org.apache.sling.resourceresolver.impl.providers.ResourceProviderStorageTest
[INFO] Running org.apache.sling.resourceresolver.impl.providers.tree.PathTreeTest
[INFO] Tests run: 5, Failures: 0, Errors: 0, Skipped: 0, Time elapsed: 0.008 s - in org.apache.sling.resourceresolver.impl.providers.tree.PathTreeTest
[INFO] Running org.apache.sling.resourceresolver.impl.providers.ResourceProviderTrackerTest
[INFO] Tests run: 5, Failures: 0, Errors: 0, Skipped: 0, Time elapsed: 0.166 s - in org.apache.sling.resourceresolver.impl.providers.ResourceProviderTrackerTest
[INFO] Running org.apache.sling.resourceresolver.impl.providers.stateful.SecureResourceProviderDecoratorTest
[INFO] Tests run: 5, Failures: 0, Errors: 0, Skipped: 0, Time elapsed: 1.779 s - in org.apache.sling.resourceresolver.impl.providers.stateful.SecureResourceProviderDecoratorTest
[INFO] Running org.apache.sling.resourceresolver.impl.providers.stateful.AuthenticatedResourceProviderTest
[INFO] Tests run: 2, Failures: 0, Errors: 0, Skipped: 0, Time elapsed: 0.006 s - in org.apache.sling.resourceresolver.impl.providers.stateful.AuthenticatedResourceProviderTest
[INFO] Running org.apache.sling.resourceresolver.impl.FactoryPreconditionsTest
[INFO] Tests run: 4, Failures: 0, Errors: 0, Skipped: 0, Time elapsed: 0.61 s - in org.apache.sling.resourceresolver.impl.FactoryPreconditionsTest
[INFO] Running org.apache.sling.resourceresolver.impl.ResourceResolverImplTest
[INFO] Tests run: 16, Failures: 0, Errors: 0, Skipped: 0, Time elapsed: 3.064 s - in org.apache.sling.resourceresolver.impl.ResourceResolverImplTest
[INFO] Running org.apache.sling.resourceresolver.impl.ProviderHandlerTest
[INFO] Tests run: 1, Failures: 0, Errors: 0, Skipped: 0, Time elapsed: 0.028 s - in org.apache.sling.resourceresolver.impl.ProviderHandlerTest
[INFO] Running org.apache.sling.resourceresolver.impl.EtcMappingResourceResolverTest
[INFO] Tests run: 9, Failures: 0, Errors: 0, Skipped: 0, Time elapsed: 1.584 s - in org.apache.sling.resourceresolver.impl.EtcMappingResourceResolverTest
[INFO] Running org.apache.sling.resourceresolver.impl.ResourceProviderEntryTest
[INFO] Tests run: 6, Failures: 0, Errors: 0, Skipped: 0, Time elapsed: 0.118 s - in org.apache.sling.resourceresolver.impl.ResourceProviderEntryTest
[INFO] Running org.apache.sling.resourceresolver.impl.params.PathParserTest
[INFO] Tests run: 15, Failures: 0, Errors: 0, Skipped: 0, Time elapsed: 0.013 s - in org.apache.sling.resourceresolver.impl.params.PathParserTest
[INFO] Running org.apache.sling.resourceresolver.impl.ResourceResolverFactoryTest
[INFO] Tests run: 5, Failures: 0, Errors: 0, Skipped: 0, Time elapsed: 0.006 s - in org.apache.sling.resourceresolver.impl.ResourceResolverFactoryTest
[INFO] Running org.apache.sling.resourceresolver.impl.ResourceResolverMangleNamespacesTest
[INFO] Tests run: 8, Failures: 0, Errors: 0, Skipped: 0, Time elapsed: 0.908 s - in org.apache.sling.resourceresolver.impl.ResourceResolverMangleNamespacesTest
[INFO] Running org.apache.sling.resourceresolver.impl.VanityPathConfigurerTest
[INFO] Tests run: 3, Failures: 0, Errors: 0, Skipped: 0, Time elapsed: 0.136 s - in org.apache.sling.resourceresolver.impl.VanityPathConfigurerTest
[INFO] Running org.apache.sling.resourceresolver.impl.helper.ResourceResolverControlTest
[INFO] Tests run: 22, Failures: 0, Errors: 0, Skipped: 0, Time elapsed: 1.981 s - in org.apache.sling.resourceresolver.impl.helper.ResourceResolverControlTest
[INFO] Running org.apache.sling.resourceresolver.impl.helper.RedirectResourceTest
[INFO] Tests run: 1, Failures: 0, Errors: 0, Skipped: 0, Time elapsed: 0.034 s - in org.apache.sling.resourceresolver.impl.helper.RedirectResourceTest
[INFO] Running org.apache.sling.resourceresolver.impl.helper.StarResourceTest
[INFO] Tests run: 4, Failures: 0, Errors: 0, Skipped: 0, Time elapsed: 0.014 s - in org.apache.sling.resourceresolver.impl.helper.StarResourceTest
[INFO] Running org.apache.sling.resourceresolver.impl.helper.URI2Test
[INFO] Tests run: 3, Failures: 0, Errors: 0, Skipped: 0, Time elapsed: 0.019 s - in org.apache.sling.resourceresolver.impl.helper.URI2Test
[INFO] Running org.apache.sling.resourceresolver.impl.helper.URITest
[INFO] Tests run: 7, Failures: 0, Errors: 0, Skipped: 0, Time elapsed: 0.045 s - in org.apache.sling.resourceresolver.impl.helper.URITest
[INFO] Running org.apache.sling.resourceresolver.impl.helper.ResourcePathIteratorTest
[INFO] Tests run: 15, Failures: 0, Errors: 0, Skipped: 0, Time elapsed: 0.006 s - in org.apache.sling.resourceresolver.impl.helper.ResourcePathIteratorTest
[INFO] Running org.apache.sling.resourceresolver.impl.ResourceTypeUtilTest
[INFO] Tests run: 2, Failures: 0, Errors: 0, Skipped: 0, Time elapsed: 0.001 s - in org.apache.sling.resourceresolver.impl.ResourceTypeUtilTest
[INFO] Running org.apache.sling.resourceresolver.impl.ResourceResolverMetricsTest
[INFO] Tests run: 1, Failures: 0, Errors: 0, Skipped: 0, Time elapsed: 0.987 s - in org.apache.sling.resourceresolver.impl.ResourceResolverMetricsTest
[INFO] Running org.apache.sling.resourceresolver.impl.observation.ResourceChangeListenerInfoTest
[INFO] Tests run: 3, Failures: 0, Errors: 0, Skipped: 0, Time elapsed: 0.099 s - in org.apache.sling.resourceresolver.impl.observation.ResourceChangeListenerInfoTest
[INFO] Running org.apache.sling.resourceresolver.impl.observation.BasicObservationReporterTest
[INFO] Tests run: 2, Failures: 0, Errors: 0, Skipped: 0, Time elapsed: 0.042 s - in org.apache.sling.resourceresolver.impl.observation.BasicObservationReporterTest
[INFO] Running org.apache.sling.resourceresolver.impl.ResourceDecoratorReturnsNullTest
[INFO] Tests run: 6, Failures: 0, Errors: 0, Skipped: 0, Time elapsed: 0.074 s - in org.apache.sling.resourceresolver.impl.ResourceDecoratorReturnsNullTest
[INFO] 
[INFO] Results:
[INFO] 
[ERROR] Failures: 
[ERROR] org.apache.sling.resourceresolver.impl.FactoryRegistrationHandlerTest.testConditionChangeLeadingToUnregistration
[ERROR]   Run 1: FactoryRegistrationHandlerTest.testConditionChangeLeadingToUnregistration:132 Expected ServiceEvents
Expected: (a collection with size <4> and an iterable containing <ServiceEvent(REGISTERED, [org.apache.sling.api.resource.ResourceResolverFactory])>)
     but: a collection with size <4> collection size was <1>
[INFO]   Run 2: PASS
[INFO]   Run 3: PASS
[INFO]   Run 4: PASS
[INFO]   Run 5: PASS
[INFO]   Run 6: PASS
[INFO]   Run 7: PASS
[INFO]   Run 8: PASS
[INFO]   Run 9: PASS
[INFO]   Run 10: PASS
[INFO]   Run 11: PASS
[INFO]   Run 12: PASS
[INFO]   Run 13: PASS
[INFO]   Run 14: PASS
[INFO]   Run 15: PASS
[INFO]   Run 16: PASS
[INFO]   Run 17: PASS
[INFO]   Run 18: PASS
[INFO]   Run 19: PASS
[INFO]   Run 20: PASS
[INFO] 
[ERROR] org.apache.sling.resourceresolver.impl.FactoryRegistrationHandlerTest.testFactoryRegistrationDeregistration
[ERROR]   Run 1: FactoryRegistrationHandlerTest.testFactoryRegistrationDeregistration:108 Expected ServiceEvents
Expected: (a collection with size <4> and an iterable containing <ServiceEvent(REGISTERED, [org.apache.sling.api.resource.ResourceResolverFactory])>)
     but: a collection with size <4> collection size was <1>
[ERROR]   Run 2: FactoryRegistrationHandlerTest.testFactoryRegistrationDeregistration:108 Expected ServiceEvents
Expected: (a collection with size <4> and an iterable containing <ServiceEvent(REGISTERED, [org.apache.sling.api.resource.ResourceResolverFactory])>)
     but: a collection with size <4> collection size was <1>
[INFO]   Run 3: PASS
[INFO]   Run 4: PASS
[INFO]   Run 5: PASS
[INFO]   Run 6: PASS
[INFO]   Run 7: PASS
[INFO]   Run 8: PASS
[INFO]   Run 9: PASS
[INFO]   Run 10: PASS
[INFO]   Run 11: PASS
[INFO]   Run 12: PASS
[INFO]   Run 13: PASS
[INFO]   Run 14: PASS
[INFO]   Run 15: PASS
[INFO]   Run 16: PASS
[INFO]   Run 17: PASS
[INFO]   Run 18: PASS
[INFO]   Run 19: PASS
[INFO]   Run 20: PASS
[INFO] 
[ERROR] org.apache.sling.resourceresolver.impl.FactoryRegistrationHandlerTest.testReconfigurationLeadingToReregistration
[ERROR]   Run 1: FactoryRegistrationHandlerTest.testReconfigurationLeadingToReregistration:192 Expected ServiceEvents
Expected: (a collection with size <4> and an iterable containing <ServiceEvent(REGISTERED, [org.apache.sling.api.resource.ResourceResolverFactory])>)
     but: a collection with size <4> collection size was <1>
[INFO]   Run 2: PASS
[INFO]   Run 3: PASS
[INFO]   Run 4: PASS
[INFO]   Run 5: PASS
[INFO]   Run 6: PASS
[INFO]   Run 7: PASS
[INFO]   Run 8: PASS
[INFO]   Run 9: PASS
[INFO]   Run 10: PASS
[INFO]   Run 11: PASS
[INFO]   Run 12: PASS
[INFO]   Run 13: PASS
[INFO]   Run 14: PASS
[INFO]   Run 15: PASS
[INFO]   Run 16: PASS
[INFO]   Run 17: PASS
[INFO]   Run 18: PASS
[INFO]   Run 19: PASS
[INFO]   Run 20: PASS
[INFO] 
[ERROR] org.apache.sling.resourceresolver.impl.FactoryRegistrationHandlerTest.testReconfigurationLeadingToUnregsitration
[ERROR]   Run 1: FactoryRegistrationHandlerTest.testReconfigurationLeadingToUnregsitration:153 Expected ServiceEvents
Expected: (a collection with size <4> and an iterable containing <ServiceEvent(REGISTERED, [org.apache.sling.api.resource.ResourceResolverFactory])>)
     but: a collection with size <4> collection size was <1>
[ERROR]   Run 2: FactoryRegistrationHandlerTest.testReconfigurationLeadingToUnregsitration:153 Expected ServiceEvents
Expected: (a collection with size <4> and an iterable containing <ServiceEvent(REGISTERED, [org.apache.sling.api.resource.ResourceResolverFactory])>)
     but: a collection with size <4> collection size was <1>
[INFO]   Run 3: PASS
[INFO]   Run 4: PASS
[INFO]   Run 5: PASS
[INFO]   Run 6: PASS
[INFO]   Run 7: PASS
[INFO]   Run 8: PASS
[INFO]   Run 9: PASS
[INFO]   Run 10: PASS
[INFO]   Run 11: PASS
[INFO]   Run 12: PASS
[INFO]   Run 13: PASS
[INFO]   Run 14: PASS
[INFO]   Run 15: PASS
[INFO]   Run 16: PASS
[INFO]   Run 17: PASS
[INFO]   Run 18: PASS
[INFO]   Run 19: PASS
[INFO]   Run 20: PASS
[INFO] 
[ERROR] org.apache.sling.resourceresolver.impl.FactoryRegistrationHandlerTest.testReconfigurationWithNoChanges
[ERROR]   Run 1: FactoryRegistrationHandlerTest.testReconfigurationWithNoChanges:173 Expected ServiceEvents
Expected: (a collection with size <4> and an iterable containing <ServiceEvent(REGISTERED, [org.apache.sling.api.resource.ResourceResolverFactory])>)
     but: a collection with size <4> collection size was <1>
[INFO]   Run 2: PASS
[INFO]   Run 3: PASS
[INFO]   Run 4: PASS
[INFO]   Run 5: PASS
[INFO]   Run 6: PASS
[INFO]   Run 7: PASS
[INFO]   Run 8: PASS
[INFO]   Run 9: PASS
[INFO]   Run 10: PASS
[INFO]   Run 11: PASS
[INFO]   Run 12: PASS
[INFO]   Run 13: PASS
[INFO]   Run 14: PASS
[INFO]   Run 15: PASS
[INFO]   Run 16: PASS
[INFO]   Run 17: PASS
[INFO]   Run 18: PASS
[INFO]   Run 19: PASS
[INFO]   Run 20: PASS
[INFO] 
[ERROR] org.apache.sling.resourceresolver.impl.FactoryRegistrationHandlerTest.testUnregisterOnClose
[ERROR]   Run 1: FactoryRegistrationHandlerTest.testUnregisterOnClose:213 Expected ServiceEvents
Expected: (a collection with size <4> and an iterable containing <ServiceEvent(REGISTERED, [org.apache.sling.api.resource.ResourceResolverFactory])>)
     but: a collection with size <4> collection size was <1>
[ERROR]   Run 2: FactoryRegistrationHandlerTest.testUnregisterOnClose:213 Expected ServiceEvents
Expected: (a collection with size <4> and an iterable containing <ServiceEvent(REGISTERED, [org.apache.sling.api.resource.ResourceResolverFactory])>)
     but: a collection with size <4> collection size was <1>
[INFO]   Run 3: PASS
[INFO]   Run 4: PASS
[INFO]   Run 5: PASS
[INFO]   Run 6: PASS
[INFO]   Run 7: PASS
[INFO]   Run 8: PASS
[INFO]   Run 9: PASS
[INFO]   Run 10: PASS
[INFO]   Run 11: PASS
[INFO]   Run 12: PASS
[INFO]   Run 13: PASS
[INFO]   Run 14: PASS
[INFO]   Run 15: PASS
[INFO]   Run 16: PASS
[INFO]   Run 17: PASS
[INFO]   Run 18: PASS
[INFO]   Run 19: PASS
[INFO]   Run 20: PASS
[INFO] 
[INFO] 
[ERROR] Tests run: 392, Failures: 6, Errors: 0, Skipped: 0
[INFO] 
[INFO] ------------------------------------------------------------------------
[INFO] BUILD FAILURE
[INFO] ------------------------------------------------------------------------
[INFO] Total time:  53.943 s
[INFO] Finished at: 2023-09-29T11:17:32+02:00
[INFO] ------------------------------------------------------------------------
[ERROR] Failed to execute goal org.apache.maven.plugins:maven-surefire-plugin:3.0.0-M5:test (default-test) on project org.apache.sling.resourceresolver: There are test failures.
[ERROR] 
[ERROR] Please refer to /Users/joerg/repos/sling/org-apache-sling-resourceresolver/target/surefire-reports for the individual test results.
[ERROR] Please refer to dump files (if any exist) [date].dump, [date]-jvmRun[N].dump and [date].dumpstream.
[ERROR] -> [Help 1]
[ERROR] 
[ERROR] To see the full stack trace of the errors, re-run Maven with the -e switch.
[ERROR] Re-run Maven using the -X switch to enable full debug logging.
[ERROR] 
[ERROR] For more information about the errors and possible solutions, please read the following articles:
[ERROR] [Help 1] http://cwiki.apache.org/confluence/display/MAVEN/MojoFailureException
